<?xml version="1.0" encoding="UTF-8"?>
<!-- Generated by org.testng.reporters.JUnitReportReporter -->
<testsuite skipped="0" hostname="DESKTOP-G62UVEJ" name="com.testng.prgms.testngdependency" tests="4" failures="0" timestamp="2022-03-16T09:35:55 PDT" time="0.041" errors="0">
  <testcase name="mul" time="0.007" classname="com.testng.prgms.testngdependency"/>
  <testcase name="add" time="0.030" classname="com.testng.prgms.testngdependency"/>
  <testcase name="division" time="0.003" classname="com.testng.prgms.testngdependency"/>
  <testcase name="sub" time="0.001" classname="com.testng.prgms.testngdependency"/>
</testsuite> <!-- com.testng.prgms.testngdependency -->
