<?xml version="1.0" encoding="UTF-8"?>
<!-- Generated by org.testng.reporters.JUnitReportReporter -->
<testsuite skipped="0" hostname="DESKTOP-G62UVEJ" name="com.testng.prgms.testngparrallel" tests="4" failures="0" timestamp="2022-03-16T10:17:07 PDT" time="0.114" errors="0">
  <testcase name="division" time="0.024" classname="com.testng.prgms.testngparrallel"/>
  <testcase name="mul" time="0.030" classname="com.testng.prgms.testngparrallel"/>
  <testcase name="sub" time="0.027" classname="com.testng.prgms.testngparrallel"/>
  <testcase name="add" time="0.033" classname="com.testng.prgms.testngparrallel"/>
</testsuite> <!-- com.testng.prgms.testngparrallel -->
