<?xml version="1.0" encoding="UTF-8"?>
<!-- Generated by org.testng.reporters.JUnitReportReporter -->
<testsuite skipped="1" hostname="DESKTOP-G62UVEJ" name="com.testng.prgms.testngsecondclass" tests="8" failures="0" timestamp="2022-03-14T10:14:19 PDT" time="0.062" errors="0">
  <testcase name="sub" time="0.006" classname="com.testng.prgms.testngsecondclass"/>
  <testcase name="sub" time="0.003" classname="com.testng.prgms.testngsecondclass"/>
  <testcase name="sub" time="0.008" classname="com.testng.prgms.testngsecondclass"/>
  <testcase name="division" time="0.034" classname="com.testng.prgms.testngsecondclass"/>
  <testcase name="mul" time="0.004" classname="com.testng.prgms.testngsecondclass"/>
  <testcase name="sub" time="0.002" classname="com.testng.prgms.testngsecondclass"/>
  <testcase name="sub" time="0.005" classname="com.testng.prgms.testngsecondclass"/>
  <testcase name="add" classname="com.testng.prgms.testngsecondclass">
    <skipped/>
  </testcase> <!-- add -->
</testsuite> <!-- com.testng.prgms.testngsecondclass -->
