<?xml version="1.0" encoding="UTF-8"?>
<!-- Generated by org.testng.reporters.JUnitReportReporter -->
<testsuite skipped="0" hostname="DESKTOP-G62UVEJ" name="com.testng.prgms.testngfirstclass" tests="2" failures="0" timestamp="2022-03-13T09:27:14 PDT" time="0.027" errors="0">
  <testcase name="searchlaptop" time="0.018" classname="com.testng.prgms.testngfirstclass"/>
  <testcase name="searchmobile" time="0.009" classname="com.testng.prgms.testngfirstclass"/>
</testsuite> <!-- com.testng.prgms.testngfirstclass -->
