<?xml version="1.0" encoding="UTF-8"?>
<!-- Generated by org.testng.reporters.JUnitReportReporter -->
<testsuite skipped="0" hostname="DESKTOP-G62UVEJ" name="com.testng.prgms.pms$testngparameter" tests="2" failures="0" timestamp="2022-03-20T05:26:12 PDT" time="0.031" errors="0">
  <testcase name="getusername" time="0.024" classname="com.testng.prgms.pms$testngparameter"/>
  <testcase name="getusername" time="0.007" classname="com.testng.prgms.pms$testngparameter"/>
</testsuite> <!-- com.testng.prgms.pms$testngparameter -->
