<?xml version="1.0" encoding="UTF-8"?>
<!-- Generated by org.testng.reporters.JUnitReportReporter -->
<testsuite skipped="0" hostname="DESKTOP-G62UVEJ" name="com.testng.prgms.testnggroup" tests="2" failures="0" timestamp="2022-03-16T10:07:45 PDT" time="0.024" errors="0">
  <testcase name="mul" time="0.022" classname="com.testng.prgms.testnggroup"/>
  <testcase name="sub" time="0.002" classname="com.testng.prgms.testnggroup"/>
</testsuite> <!-- com.testng.prgms.testnggroup -->
